<?xml version="1.0" encoding="UTF-8"?>
<!-- Generated by org.testng.reporters.JUnitReportReporter -->
<testsuite hostname="b-Sat-M645" name="com.herokuapp.tests.DragNDropTest" tests="1" failures="0" timestamp="25 Jul 2016 22:29:31 GMT" time="8.061" errors="0">
  <testcase name="DragNDrop" time="8.061" classname="com.herokuapp.tests.DragNDropTest"/>
</testsuite>
