<?xml version="1.0" encoding="UTF-8"?>
<!-- Generated by org.testng.reporters.JUnitReportReporter -->
<testsuite hostname="b-Sat-M645" name="com.herokuapp.tests.HoverTest" tests="1" failures="0" timestamp="25 Jul 2016 22:28:28 GMT" time="19.800" errors="0">
  <testcase name="Hover" time="19.800" classname="com.herokuapp.tests.HoverTest"/>
</testsuite>
