<?xml version="1.0" encoding="UTF-8"?>
<!-- Generated by org.testng.reporters.JUnitReportReporter -->
<testsuite hostname="b-Sat-M645" name="com.herokuapp.tests.TinyMceTest" tests="1" failures="0" timestamp="25 Jul 2016 22:22:31 GMT" time="5.020" errors="0">
  <testcase name="TinyMce" time="5.020" classname="com.herokuapp.tests.TinyMceTest"/>
</testsuite>
