<?xml version="1.0" encoding="UTF-8"?>
<!-- Generated by org.testng.reporters.JUnitReportReporter -->
<testsuite hostname="b-Sat-M645" name="com.herokuapp.tests.FileUploadTest" tests="1" failures="0" timestamp="28 Jul 2016 22:07:35 GMT" time="7.903" errors="0">
  <testcase name="loginLogOut" time="7.903" classname="com.herokuapp.tests.FileUploadTest"/>
</testsuite>
