<?xml version="1.0" encoding="UTF-8"?>
<!-- Generated by org.testng.reporters.JUnitReportReporter -->
<testsuite hostname="b-Sat-M645" name="com.herokuapp.tests.HoverTest" tests="1" failures="0" timestamp="21 Jul 2016 20:10:45 GMT" time="50.748" errors="0">
  <testcase name="Hover" time="50.748" classname="com.herokuapp.tests.HoverTest"/>
</testsuite>
