<?xml version="1.0" encoding="UTF-8"?>
<!-- Generated by org.testng.reporters.JUnitReportReporter -->
<testsuite hostname="b-Sat-M645" name="com.herokuapp.tests.HoverTest" tests="1" failures="0" timestamp="19 Jul 2016 20:24:42 GMT" time="15.745" errors="0">
  <testcase name="Hover" time="15.745" classname="com.herokuapp.tests.HoverTest"/>
</testsuite>
