<?xml version="1.0" encoding="UTF-8"?>
<!-- Generated by org.testng.reporters.JUnitReportReporter -->
<testsuite hostname="b-Sat-M645" name="com.herokuapp.tests.HorizontalSliderTest" tests="1" failures="0" timestamp="25 Jul 2016 22:29:03 GMT" time="9.522" errors="0">
  <testcase name="HorizontalSlider" time="9.522" classname="com.herokuapp.tests.HorizontalSliderTest"/>
</testsuite>
