<?xml version="1.0" encoding="UTF-8"?>
<!-- Generated by org.testng.reporters.JUnitReportReporter -->
<testsuite hostname="b-Sat-M645" name="com.herokuapp.tests.BrowserStackTest" tests="1" failures="0" timestamp="21 Jul 2016 19:26:06 GMT" time="37.391" errors="0">
  <testcase name="BrowserStackTest" time="37.391" classname="com.herokuapp.tests.BrowserStackTest"/>
</testsuite>
