<?xml version="1.0" encoding="UTF-8"?>
<!-- Generated by org.testng.reporters.JUnitReportReporter -->
<testsuite hostname="b-Sat-M645" name="com.herokuapp.tests.DragNDropTest" tests="1" failures="0" timestamp="26 Jul 2016 15:32:44 GMT" time="7.699" errors="0">
  <testcase name="DragNDrop" time="7.699" classname="com.herokuapp.tests.DragNDropTest"/>
</testsuite>
