<?xml version="1.0" encoding="UTF-8"?>
<!-- Generated by org.testng.reporters.JUnitReportReporter -->
<testsuite hostname="b-Sat-M645" name="com.herokuapp.tests.HorizontalSliderTest" tests="1" failures="0" timestamp="21 Jul 2016 20:29:46 GMT" time="35.117" errors="0">
  <testcase name="HorizontalSlider" time="35.117" classname="com.herokuapp.tests.HorizontalSliderTest"/>
</testsuite>
