<?xml version="1.0" encoding="UTF-8"?>
<!-- Generated by org.testng.reporters.JUnitReportReporter -->
<testsuite hostname="b-Sat-M645" name="com.herokuapp.tests.DragNDropTest" tests="1" failures="0" timestamp="20 Jul 2016 16:44:13 GMT" time="8.169" errors="0">
  <testcase name="DragNDrop" time="8.169" classname="com.herokuapp.tests.DragNDropTest"/>
</testsuite>
