<?xml version="1.0" encoding="UTF-8"?>
<!-- Generated by org.testng.reporters.JUnitReportReporter -->
<testsuite hostname="b-Sat-M645" name="com.herokuapp.tests.AuthenticationTest" tests="1" failures="0" timestamp="25 Jul 2016 22:30:03 GMT" time="11.276" errors="0">
  <testcase name="successfulAuthentication" time="11.276" classname="com.herokuapp.tests.AuthenticationTest"/>
</testsuite>
