<?xml version="1.0" encoding="UTF-8"?>
<!-- Generated by org.testng.reporters.JUnitReportReporter -->
<testsuite hostname="b-Sat-M645" name="com.herokuapp.tests.HorizontalSliderTest" tests="1" failures="0" timestamp="20 Jul 2016 16:40:22 GMT" time="10.643" errors="0">
  <testcase name="HorizontalSlider" time="10.643" classname="com.herokuapp.tests.HorizontalSliderTest"/>
</testsuite>
