<?xml version="1.0" encoding="UTF-8"?>
<!-- Generated by org.testng.reporters.JUnitReportReporter -->
<testsuite hostname="b-Sat-M645" name="com.herokuapp.tests.InfiniteScrollingTest" tests="1" failures="0" timestamp="21 Jul 2016 21:02:24 GMT" time="48.811" errors="0">
  <testcase name="InfiniteScrolling" time="48.811" classname="com.herokuapp.tests.InfiniteScrollingTest"/>
</testsuite>
