<?xml version="1.0" encoding="UTF-8"?>
<!-- Generated by org.testng.reporters.JUnitReportReporter -->
<testsuite hostname="b-Sat-M645" name="com.herokuapp.tests.FormAuthenticationTest" tests="2" failures="0" timestamp="25 Jul 2016 22:21:49 GMT" time="7.904" errors="0">
  <testcase name="failedLoginLogOut" time="2.991" classname="com.herokuapp.tests.FormAuthenticationTest"/>
  <testcase name="loginLogOut" time="4.913" classname="com.herokuapp.tests.FormAuthenticationTest"/>
</testsuite>
