<?xml version="1.0" encoding="UTF-8"?>
<!-- Generated by org.testng.reporters.JUnitReportReporter -->
<testsuite hostname="b-Sat-M645" name="com.herokuapp.tests.AuthenticationTest" tests="1" failures="0" timestamp="21 Jul 2016 20:26:00 GMT" time="11.366" errors="0">
  <testcase name="successfulAuthentication" time="11.366" classname="com.herokuapp.tests.AuthenticationTest"/>
</testsuite>
