<?xml version="1.0" encoding="UTF-8"?>
<!-- Generated by org.testng.reporters.JUnitReportReporter -->
<testsuite hostname="b-Sat-M645" name="com.herokuapp.tests.TablesTest" tests="1" failures="0" timestamp="25 Jul 2016 22:26:18 GMT" time="165.788" errors="0">
  <testcase name="Tables" time="165.788" classname="com.herokuapp.tests.TablesTest"/>
</testsuite>
