<?xml version="1.0" encoding="UTF-8"?>
<!-- Generated by org.testng.reporters.JUnitReportReporter -->
<testsuite hostname="b-Sat-M645" name="com.herokuapp.tests.TinyMceTest" tests="1" failures="0" timestamp="20 Jul 2016 17:25:58 GMT" time="4.768" errors="0">
  <testcase name="TinyMce" time="4.768" classname="com.herokuapp.tests.TinyMceTest"/>
</testsuite>
