<?xml version="1.0" encoding="UTF-8"?>
<!-- Generated by org.testng.reporters.JUnitReportReporter -->
<testsuite hostname="b-Sat-M645" name="com.herokuapp.tests.InfiniteScrollingTest" tests="1" failures="0" timestamp="25 Jul 2016 22:23:01 GMT" time="5.087" errors="0">
  <testcase name="InfiniteScrolling" time="5.087" classname="com.herokuapp.tests.InfiniteScrollingTest"/>
</testsuite>
