<?xml version="1.0" encoding="UTF-8"?>
<!-- Generated by org.testng.reporters.JUnitReportReporter -->
<testsuite hostname="b-Sat-M645" name="com.herokuapp.tests.HoverTest" tests="1" failures="0" timestamp="20 Jul 2016 16:43:25 GMT" time="16.264" errors="0">
  <testcase name="Hover" time="16.264" classname="com.herokuapp.tests.HoverTest"/>
</testsuite>
