<?xml version="1.0" encoding="UTF-8"?>
<!-- Generated by org.testng.reporters.JUnitReportReporter -->
<testsuite hostname="b-Sat-M645" name="com.herokuapp.tests.ExitIntentTest" tests="1" failures="0" timestamp="27 Jul 2016 20:08:24 GMT" time="4.862" errors="0">
  <testcase name="ExitIntentTest" time="4.862" classname="com.herokuapp.tests.ExitIntentTest"/>
</testsuite>
